        -:    0:Source:s21_matrix/helpers.c
        -:    1:#include "../s21_matrix.h"
        -:    2:
function is_valid_input called 26 returned 100% blocks executed 100%
       26:    3:int is_valid_input(const matrix_t *A, const matrix_t *B,
        -:    4:                   const matrix_t *result) {
       46:    5:  return (A != NULL && B != NULL && result != NULL && A->matrix != NULL &&
       26:    5-block  0
branch  0 taken 92% (fallthrough)
branch  1 taken 8%
       24:    5-block  1
branch  2 taken 92% (fallthrough)
branch  3 taken 8%
       22:    5-block  2
branch  4 taken 91% (fallthrough)
branch  5 taken 9%
       20:    5-block  3
branch  6 taken 100% (fallthrough)
branch  7 taken 0%
       20:    5-block  4
        6:    5-block  5
       26:    5-block  6
       20:    6:          B->matrix != NULL);
       20:    6-block  0
branch  0 taken 100% (fallthrough)
branch  1 taken 0%
        -:    7:}
        -:    8:
